app/proguard-rules.pro
# Keep DUMPL frame builder
-keep class com.freefcc.n1.DumplBuilder { *; }
-keep class com.freefcc.n1.DumplFrame { *; }