app/build/outputs/mapping/release/seeds.txt
com.freefcc.n1.DumplBuilder
com.freefcc.n1.ProfileLoader$Profile
com.freefcc.n1.DumplFrame
com.freefcc.n1.DumlForegroundService
com.freefcc.n1.FccViewModel
com.freefcc.n1.MainActivity
com.freefcc.n1.DumplFrame: int sender
com.freefcc.n1.DumplFrame: int dst
com.freefcc.n1.ProfileLoader$Profile: int sender
com.freefcc.n1.ProfileLoader$Profile: int $stable
com.freefcc.n1.DumplFrame: int cmdType
com.freefcc.n1.DumplFrame: int cmdSet
com.freefcc.n1.DumplBuilder: int[] CRC8_TABLE
com.freefcc.n1.ProfileLoader$Profile: int readWindowMs
com.freefcc.n1.ProfileLoader$Profile: long interFrameDelay
com.freefcc.n1.DumplBuilder: com.freefcc.n1.DumplBuilder$Companion Companion
com.freefcc.n1.ProfileLoader$Profile: boolean needsResponse
com.freefcc.n1.ProfileLoader$Profile: long interRoundDelay
com.freefcc.n1.DumplFrame: int $stable
com.freefcc.n1.DumplBuilder: int sequenceNumber
com.freefcc.n1.ProfileLoader$Profile: int port
com.freefcc.n1.ProfileLoader$Profile: int cmdType
com.freefcc.n1.DumplBuilder: int $stable
com.freefcc.n1.DumplFrame: byte[] payload
com.freefcc.n1.DumplBuilder: int[] CRC16_TABLE
com.freefcc.n1.ProfileLoader$Profile: java.util.List frames
com.freefcc.n1.ProfileLoader$Profile: int rounds
com.freefcc.n1.DumplFrame: int cmdId
com.freefcc.n1.ProfileLoader$Profile: com.freefcc.n1.ProfileLoader$Profile copy$default(com.freefcc.n1.ProfileLoader$Profile,int,int,int,long,long,int,boolean,int,java.util.List,int,java.lang.Object)
com.freefcc.n1.ProfileLoader$Profile: int getCmdType()
com.freefcc.n1.DumplFrame: int component4()
com.freefcc.n1.ProfileLoader$Profile: long component4()
com.freefcc.n1.ProfileLoader$Profile: int component1()
com.freefcc.n1.ProfileLoader$Profile: long component5()
com.freefcc.n1.ProfileLoader$Profile: java.util.List getFrames()
com.freefcc.n1.ProfileLoader$Profile: boolean equals(java.lang.Object)
com.freefcc.n1.ProfileLoader$Profile: int component8()
com.freefcc.n1.ProfileLoader$Profile: int getReadWindowMs()
com.freefcc.n1.DumplFrame: int getCmdType()
com.freefcc.n1.DumplBuilder: int[] access$getCRC16_TABLE$cp()
com.freefcc.n1.ProfileLoader$Profile: java.lang.String toString()
com.freefcc.n1.ProfileLoader$Profile: int getSender()
com.freefcc.n1.ProfileLoader$Profile: ProfileLoader$Profile(int,int,int,long,long,int,boolean,int,java.util.List)
com.freefcc.n1.DumplFrame: int component2()
com.freefcc.n1.DumplBuilder: DumplBuilder()
com.freefcc.n1.DumplFrame: byte[] getPayload()
com.freefcc.n1.DumplFrame: byte[] component6()
com.freefcc.n1.MainActivity: MainActivity()
com.freefcc.n1.ProfileLoader$Profile: long getInterFrameDelay()
com.freefcc.n1.ProfileLoader$Profile: int component2()
com.freefcc.n1.DumplFrame: int getCmdId()
com.freefcc.n1.DumplFrame: int component1()
com.freefcc.n1.DumplFrame: com.freefcc.n1.DumplFrame copy(int,int,int,int,int,byte[])
com.freefcc.n1.ProfileLoader$Profile: boolean getNeedsResponse()
com.freefcc.n1.DumplFrame: com.freefcc.n1.DumplFrame copy$default(com.freefcc.n1.DumplFrame,int,int,int,int,int,byte[],int,java.lang.Object)
com.freefcc.n1.DumplFrame: java.lang.String toString()
com.freefcc.n1.DumplBuilder: int[] access$getCRC8_TABLE$cp()
com.freefcc.n1.ProfileLoader$Profile: int getRounds()
com.freefcc.n1.DumplBuilder: byte[] buildFrame(com.freefcc.n1.DumplFrame)
com.freefcc.n1.ProfileLoader$Profile: java.util.List component9()
com.freefcc.n1.DumplFrame: int component3()
com.freefcc.n1.ProfileLoader$Profile: int hashCode()
com.freefcc.n1.DumplFrame: int getSender()
com.freefcc.n1.DumplFrame: int getDst()
com.freefcc.n1.DumplFrame: int getCmdSet()
com.freefcc.n1.DumplFrame: boolean equals(java.lang.Object)
com.freefcc.n1.FccViewModel: FccViewModel(android.app.Application)
com.freefcc.n1.DumplFrame: DumplFrame(int,int,int,int,int,byte[])
com.freefcc.n1.ProfileLoader$Profile: int component3()
com.freefcc.n1.ProfileLoader$Profile: com.freefcc.n1.ProfileLoader$Profile copy(int,int,int,long,long,int,boolean,int,java.util.List)
com.freefcc.n1.ProfileLoader$Profile: int component6()
...
androidx.activity.result.ActivityResult: android.os.Parcelable$Creator CREATOR
kotlinx.coroutines.channels.BufferedChannel: java.lang.Object closeHandler
androidx.lifecycle.Lifecycle$Event: androidx.lifecycle.Lifecycle$Event ON_START
kotlinx.coroutines.EventLoopImplBase$DelayedTask: java.lang.Object _heap
kotlinx.coroutines.internal.LockFreeLinkedListNode: java.lang.Object _removedRef
kotlinx.coroutines.internal.Segment: int cleanedAndPointers
kotlinx.coroutines.EventLoopImplBase: java.lang.Object _queue
androidx.lifecycle.Lifecycle$Event: androidx.lifecycle.Lifecycle$Event$Companion Companion
kotlinx.coroutines.scheduling.CoroutineScheduler: long controlState
androidx.lifecycle.ProcessLifecycleOwner$attach$1$onActivityPreCreated$1: androidx.lifecycle.ProcessLifecycleOwner this$0
kotlinx.coroutines.sync.SemaphoreImpl: java.lang.Object head
androidx.lifecycle.Lifecycle$Event: androidx.lifecycle.Lifecycle$Event ON_RESUME
androidx.core.view.ViewCompat$Api29Impl: void setContentCaptureSession(android.view.View,androidx.core.view.contentcapture.ContentCaptureSessionCompat)
androidx.compose.ui.platform.DrawChildContainer: int getChildCount()
androidx.lifecycle.ReportFragment$LifecycleCallbacks: void onActivityPostCreated(android.app.Activity,android.os.Bundle)
androidx.compose.ui.autofill.AutofillApi26Helper: boolean isList(android.view.autofill.AutofillValue)
androidx.compose.ui.input.pointer.PointerEventPass: androidx.compose.ui.input.pointer.PointerEventPass[] values()
androidx.core.view.accessibility.AccessibilityNodeInfoCompat$Api34Impl: boolean isAccessibilityDataSensitive(android.view.accessibility.AccessibilityNodeInfo)
androidx.compose.ui.text.android.BoringLayoutFactory33: android.text.BoringLayout create(java.lang.CharSequence,android.text.TextPaint,int,android.text.Layout$Alignment,float,float,android.text.BoringLayout$Metrics,boolean,boolean,android.text.TextUtils$TruncateAt,int)
androidx.compose.foundation.layout.Direction: androidx.compose.foundation.layout.Direction[] values()
androidx.lifecycle.ProcessLifecycleInitializer: ProcessLifecycleInitializer()
androidx.compose.ui.text.platform.extensions.LocaleListHelperMethods: void setTextLocales(androidx.compose.ui.text.platform.AndroidTextPaint,androidx.compose.ui.text.intl.LocaleList)
kotlinx.coroutines.selects.TrySelectDetailedResult: kotlinx.coroutines.selects.TrySelectDetailedResult[] values()
kotlin.coroutines.intrinsics.CoroutineSingletons: kotlin.coroutines.intrinsics.CoroutineSingletons[] values()
androidx.compose.ui.focus.CustomDestinationResult: androidx.compose.ui.focus.CustomDestinationResult valueOf(java.lang.String)
androidx.compose.ui.text.android.CanvasCompatQ: void enableZ(android.graphics.Canvas)
androidx.compose.ui.text.input.CursorAnchorInfoApi33Helper: android.view.inputmethod.CursorAnchorInfo$Builder setEditorBoundsInfo(android.view.inputmethod.CursorAnchorInfo$Builder,androidx.compose.ui.geometry.Rect)
androidx.lifecycle.SavedStateHandlesVM: SavedStateHandlesVM()
androidx.compose.ui.platform.ViewLayerContainer: void dispatchGetDisplayList()
androidx.compose.ui.text.android.CanvasCompatS: void drawPatch(android.graphics.Canvas,android.graphics.NinePatch,android.graphics.RectF,android.graphics.Paint)
androidx.compose.ui.graphics.Api26Bitmap: android.graphics.Bitmap createBitmap-x__-hDU$ui_graphics_release(int,int,int,boolean,androidx.compose.ui.graphics.colorspace.ColorSpace)
androidx.compose.ui.platform.AndroidComposeView: void setOnViewTreeOwnersAvailable(kotlin.jvm.functions.Function1)
androidx.graphics.path.PathIteratorPreApi34Impl: long createInternalPathIterator(android.graphics.Path,int,float)
androidx.compose.ui.platform.AbstractComposeView: void setTransitionGroup(boolean)
androidx.compose.ui.platform.AbstractComposeView: void setParentContext(androidx.compose.runtime.CompositionContext)
androidx.compose.foundation.Api31Impl: android.widget.EdgeEffect create(android.content.Context,android.util.AttributeSet)