app/build/outputs/mapping/release/usage.txt
com.freefcc.n1.AccessoryFdTransport:
    public void close()
    public boolean open()
com.freefcc.n1.AppState:
    public void <init>()
    public final java.lang.String component1()
    public final java.lang.String component10()
    public final java.lang.String component11()
    public final java.lang.String component12()
    public final java.lang.String component13()
    public final boolean component14()
    public final boolean component15()
    public final boolean component16()
    public final java.lang.String component17()
    public final boolean component18()
    public final boolean component19()
    public final java.lang.String component2()
    public final java.util.List component20()
    public final java.lang.String component3()
    public final boolean component4()
    public final boolean component5()
    public final boolean component6()
    public final boolean component7()
    public final boolean component8()
    public final float component9()
    public final java.lang.String getTransportName()
com.freefcc.n1.DumlForegroundService:
    public static final int $stable
    private static final java.lang.String CHANNEL_ID
    private static final int NOTIFICATION_ID
com.freefcc.n1.DumplBuilder$Companion:
    public final boolean verifyCrc16(byte[])
com.freefcc.n1.DumplTransport:
    public abstract void close()
    public abstract boolean open()
com.freefcc.n1.ProfileLoader:
    public static final int $stable
com.freefcc.n1.R$drawable
com.freefcc.n1.R$mipmap
com.freefcc.n1.R$string
com.freefcc.n1.R$style
com.freefcc.n1.R$xml
com.freefcc.n1.R
com.freefcc.n1.TcpTransport:
    public void <init>()
com.freefcc.n1.UsbTransport:
    public void close()
    public boolean open()
com.freefcc.n1.AccessoryFdTransport:
    public static final int $stable
    public final android.os.ParcelFileDescriptor pfd
    public final android.hardware.usb.UsbManager usbManager
    static void <clinit>()
com.freefcc.n1.AppState:
    public static final int $stable
    static void <clinit>()
    public static com.freefcc.n1.AppState copy()
    public static java.lang.String getAircraftSerial()
    public static boolean getAutoFcc()
    public static float getBusyProgress()
    public static java.lang.String getControllerModel()
    public static java.lang.String getDeviceInfo()
    public static java.lang.String getLedStatus()
    public static java.util.List getLogMessages()
    public static java.lang.String getMessage()
    public static boolean getRemoteIdDisabled()
    public static java.lang.String getStatus()
    public static java.lang.String getTransportKind()
    public static boolean is4gBusy()
    public static boolean is4gEnabled()
    public static boolean isBusy()
    public static boolean isConnected()
    public static boolean isFccEnabled()
    public static boolean isLedBusy()
    public static boolean isQueryingInfo()
    public static boolean isRidBusy()
com.freefcc.n1.ComposableSingletons$MainActivityKt$lambda-1$1:
    public final void invoke$58()
com.freefcc.n1.ComposableSingletons$MainActivityKt$lambda-2$1:
    public final void invoke$58()
com.freefcc.n1.ComposableSingletons$MainActivityKt$lambda-3$1:
    public final void invoke$58()
com.freefcc.n1.ComposableSingletons$MainActivityKt$lambda-4$1:
    public final void invoke$58()
com.freefcc.n1.ComposableSingletons$MainActivityKt$lambda-5$1:
    public final void invoke$3()
com.freefcc.n1.ComposableSingletons$MainActivityKt$lambda-6$1:
    public final void invoke$3()
com.freefcc.n1.ComposableSingletons$MainActivityKt$lambda-7$1:
    public final void invoke$3()
com.freefcc.n1.ComposableSingletons$MainActivityKt$lambda-8$1:
    public final void invoke$3()
com.freefcc.n1.ComposableSingletons$MainActivityKt$lambda-9$1:
    public final void invoke$3()
...
androidx.compose.material.icons.outlined.Shop2Kt
androidx.compose.material.icons.outlined.ShopKt
androidx.compose.material.icons.outlined.ShopTwoKt
androidx.compose.material.icons.outlined.ShoppingBagKt
androidx.compose.material.icons.outlined.ShoppingBasketKt
androidx.compose.material.icons.outlined.ShoppingCartCheckoutKt
androidx.compose.material.icons.outlined.ShoppingCartKt
androidx.compose.material.icons.outlined.ShortTextKt
androidx.compose.material.icons.outlined.ShortcutKt
androidx.compose.material.icons.outlined.ShowChartKt
androidx.compose.material.icons.outlined.ShowerKt
androidx.compose.material.icons.outlined.ShuffleKt
androidx.compose.material.icons.outlined.ShuffleOnKt
androidx.compose.material.icons.outlined.ShutterSpeedKt
androidx.compose.material.icons.outlined.SickKt
androidx.compose.material.icons.outlined.SignLanguageKt
androidx.compose.material.icons.outlined.SignalCellular0BarKt
androidx.compose.material.icons.outlined.SignalCellular4BarKt
androidx.compose.material.icons.outlined.SignalCellularAlt1BarKt
androidx.compose.material.icons.outlined.SignalCellularAlt2BarKt
androidx.compose.material.icons.outlined.SignalCellularAltKt
androidx.compose.material.icons.outlined.SignalCellularConnectedNoInternet0BarKt
androidx.compose.material.icons.outlined.SignalCellularConnectedNoInternet4BarKt
androidx.compose.material.icons.outlined.SignalCellularNoSimKt
androidx.compose.material.icons.outlined.SignalCellularNodataKt
androidx.compose.material.icons.outlined.SignalCellularNullKt
androidx.compose.material.icons.outlined.SignalCellularOffKt
androidx.compose.material.icons.outlined.SignalWifi0BarKt
androidx.compose.material.icons.outlined.SignalWifi4BarKt
androidx.compose.material.icons.outlined.SignalWifi4BarLockKt
androidx.compose.material.icons.outlined.SignalWifiBadKt
androidx.compose.material.icons.outlined.SignalWifiConnectedNoInternet4Kt
androidx.compose.material.icons.outlined.SignalWifiOffKt
androidx.compose.material.icons.outlined.SignalWifiStatusbar4BarKt
androidx.compose.material.icons.outlined.SignalWifiStatusbarConnectedNoInternet4Kt
androidx.compose.material.icons.outlined.SignalWifiStatusbarNullKt
androidx.compose.material.icons.outlined.SignpostKt
androidx.compose.material.icons.outlined.SimCardAlertKt
androidx.compose.material.icons.outlined.SimCardDownloadKt
androidx.compose.material.icons.outlined.SimCardKt
androidx.compose.material.icons.outlined.SingleBedKt
androidx.compose.material.icons.outlined.SipKt
androidx.compose.material.icons.outlined.SkateboardingKt
androidx.compose.material.icons.outlined.SkipNextKt
androidx.compose.material.icons.outlined.SkipPreviousKt
androidx.compose.material.icons.outlined.SleddingKt
androidx.compose.material.icons.outlined.SlideshowKt
androidx.compose.material.icons.outlined.SlowMotionVideoKt
androidx.compose.material.icons.outlined.SmartButtonKt
androidx.compose.material.icons.outlined.SmartDisplayKt
androidx.compose.material.icons.outlined.SmartScreenKt
androidx.compose.material.icons.outlined.SmartToyKt
androidx.compose.material.icons.outlined.SmartphoneKt
androidx.compose.material.icons.outlined.SmokeFreeKt
androidx.compose.material.icons.outlined.SmokingRoomsKt
androidx.compose.material.icons.outlined.SmsFailedKt
androidx.compose.material.icons.outlined.SmsKt
androidx.compose.material.icons.outlined.SnippetFolderKt
androidx.compose.material.icons.outlined.SnoozeKt
androidx.compose.material.icons.outlined.SnowboardingKt
androidx.compose.material.icons.outlined.SnowmobileKt
androidx.compose.material.icons.outlined.SnowshoeingKt
androidx.compose.material.icons.outlined.SoapKt
androidx.compose.material.icons.outlined.SocialDistanceKt
androidx.compose.material.icons.outlined.SolarPowerKt
androidx.compose.material.icons.outlined.SortByAlphaKt
androidx.compose.material.icons.outlined.SortKt
androidx.compose.material.icons.outlined.SosKt
androidx.compose.material.icons.outlined.SoupKitchenKt
androidx.compose.material.icons.outlined.SourceKt